<?xml version="1.0" encoding="UTF-8"?>
<!-- Generated by org.testng.reporters.JUnitReportReporter -->
<testsuite skipped="0" hostname="DESKTOP-E2QJP2R" name="com.MAVEN_PROJECT.testcases.TC_AddnewCustomerTest_003" tests="1" failures="0" timestamp="2022-05-13T07:35:53 IST" time="92.001" errors="0">
  <testcase name="addNewCustomerTest" time="92.001" classname="com.MAVEN_PROJECT.testcases.TC_AddnewCustomerTest_003"/>
  <system-out/>
</testsuite> <!-- com.MAVEN_PROJECT.testcases.TC_AddnewCustomerTest_003 -->
