<?xml version="1.0" encoding="UTF-8"?>
<!-- Generated by org.testng.reporters.JUnitReportReporter -->
<testsuite skipped="0" hostname="DESKTOP-E2QJP2R" name="day21_TESTNG.FirstTestCase" tests="3" failures="0" timestamp="2022-05-06T17:40:11 IST" time="0.306" errors="0">
  <testcase name="openurl" time="0.302" classname="day21_TESTNG.FirstTestCase"/>
  <system-out/>
  <testcase name="login" time="0.001" classname="day21_TESTNG.FirstTestCase"/>
  <system-out/>
  <testcase name="logout" time="0.003" classname="day21_TESTNG.FirstTestCase"/>
  <system-out/>
</testsuite> <!-- day21_TESTNG.FirstTestCase -->
