<?xml version="1.0" encoding="UTF-8"?>
<!-- Generated by org.testng.reporters.JUnitReportReporter -->
<testsuite skipped="1" hostname="DESKTOP-E2QJP2R" name="day25_grid.RemoteTesting" tests="3" failures="0" timestamp="2022-04-30T10:04:39 IST" time="13.419" errors="0">
  <testcase name="setup" time="4.507" classname="day25_grid.RemoteTesting"/>
  <system-out/>
  <testcase name="loginTest" time="8.912" classname="day25_grid.RemoteTesting"/>
  <system-out/>
  <testcase name="closeBrowser" classname="day25_grid.RemoteTesting">
    <skipped/>
  </testcase> <!-- closeBrowser -->
  <system-out/>
</testsuite> <!-- day25_grid.RemoteTesting -->
