<?xml version="1.0" encoding="UTF-8"?>
<!-- Generated by org.testng.reporters.JUnitReportReporter -->
<testsuite skipped="2" hostname="DESKTOP-E2QJP2R" name="com.MAVEN_PROJECT.testcases.TC_LoginDDT_002" tests="2" failures="0" timestamp="2022-05-09T07:35:22 IST" time="0.000" errors="0">
  <testcase name="loginTest" time="0.000" classname="com.MAVEN_PROJECT.testcases.TC_LoginDDT_002">
    <skipped/>
  </testcase> <!-- loginTest -->
  <system-out/>
  <testcase name="loginTest" time="0.000" classname="com.MAVEN_PROJECT.testcases.TC_LoginDDT_002">
    <skipped/>
  </testcase> <!-- loginTest -->
  <system-out/>
</testsuite> <!-- com.MAVEN_PROJECT.testcases.TC_LoginDDT_002 -->
