<?xml version="1.0" encoding="UTF-8"?>
<!-- Generated by org.testng.reporters.JUnitReportReporter -->
<testsuite skipped="0" hostname="DESKTOP-E2QJP2R" name="testng.basicsoftesting" tests="2" failures="0" timestamp="2022-04-29T20:27:51 IST" time="0.013" errors="0">
  <testcase name="testmethod3" time="0.009" classname="testng.basicsoftesting"/>
  <system-out/>
  <testcase name="testmethod1" time="0.004" classname="testng.basicsoftesting"/>
  <system-out/>
</testsuite> <!-- testng.basicsoftesting -->
