<?xml version="1.0" encoding="UTF-8"?>
<!-- Generated by org.testng.reporters.JUnitReportReporter -->
<testsuite skipped="0" hostname="DESKTOP-E2QJP2R" name="framework.testcase3" tests="2" failures="0" timestamp="2022-05-10T19:11:28 IST" time="7.007" errors="0">
  <testcase name="initbrowser" time="6.830" classname="framework.testcase3"/>
  <system-out/>
  <testcase name="alerttest" time="0.177" classname="framework.testcase3"/>
  <system-out/>
</testsuite> <!-- framework.testcase3 -->
