<?xml version="1.0" encoding="UTF-8"?>
<!-- Generated by org.testng.reporters.JUnitReportReporter -->
<testsuite skipped="0" hostname="DESKTOP-E2QJP2R" name="framework.testcase2" tests="2" failures="0" timestamp="2022-05-07T19:39:07 IST" time="5.908" errors="0">
  <testcase name="initbrowser" time="4.857" classname="framework.testcase2"/>
  <system-out/>
  <testcase name="test" time="1.051" classname="framework.testcase2"/>
  <system-out/>
</testsuite> <!-- framework.testcase2 -->
