<?xml version="1.0" encoding="UTF-8"?>
<!-- Generated by org.testng.reporters.JUnitReportReporter -->
<testsuite skipped="0" hostname="DESKTOP-E2QJP2R" name="testng.testDataProvider" tests="4" failures="0" timestamp="2022-05-04T11:48:03 IST" time="0.021" errors="0">
  <testcase name="test" time="0.007" classname="testng.testDataProvider"/>
  <system-out/>
  <testcase name="test" time="0.004" classname="testng.testDataProvider"/>
  <system-out/>
  <testcase name="test" time="0.008" classname="testng.testDataProvider"/>
  <system-out/>
  <testcase name="test" time="0.002" classname="testng.testDataProvider"/>
  <system-out/>
</testsuite> <!-- testng.testDataProvider -->
