<?xml version="1.0" encoding="UTF-8"?>
<!-- Generated by org.testng.reporters.JUnitReportReporter -->
<testsuite skipped="0" hostname="DESKTOP-E2QJP2R" name="ABS" tests="1" failures="0" timestamp="2022-04-20T20:55:15 IST" time="0.016" errors="0">
  <testcase name="mains" time="0.016" classname="ABS"/>
  <system-out/>
</testsuite> <!-- ABS -->
